Flutter crash report; please file at https://github.com/flutter/flutter/issues.

## command

flutter --no-color packages get

## exception

FileSystemException: FileSystemException: Deletion failed, path = 'D:\AndroidStudioProjects\fPix\flutter_module\.android' (OS Error: The directory is not empty.
, errno = 145)

```
#0      _Directory._deleteSync (dart:io/directory_impl.dart:207:7)
#1      FileSystemEntity.deleteSync (dart:io/file_system_entity.dart:466:47)
#2      ForwardingFileSystemEntity.deleteSync (package:file/src/forwarding/forwarding_file_system_entity.dart:72:16)
#3      _deleteIfExistsSync (package:flutter_tools/src/project.dart:439:15)
#4      AndroidProject._regenerateLibrary (package:flutter_tools/src/project.dart:416:5)
#5      AndroidProject.ensureReadyForPlatformSpecificTooling (package:flutter_tools/src/project.dart:380:7)
<asynchronous suspension>
#6      FlutterProject.ensureReadyForPlatformSpecificTooling (package:flutter_tools/src/project.dart:140:19)
<asynchronous suspension>
#7      PackagesGetCommand.runCommand (package:flutter_tools/src/commands/packages.dart:84:23)
<asynchronous suspension>
#8      FlutterCommand.verifyThenRunCommand (package:flutter_tools/src/runner/flutter_command.dart:401:18)
#9      _asyncThenWrapperHelper.<anonymous closure> (dart:async/runtime/libasync_patch.dart:77:64)
#10     _rootRunUnary (dart:async/zone.dart:1132:38)
#11     _CustomZone.runUnary (dart:async/zone.dart:1029:19)
#12     _FutureListener.handleValue (dart:async/future_impl.dart:129:18)
#13     Future._propagateToListeners.handleValueCallback (dart:async/future_impl.dart:642:45)
#14     Future._propagateToListeners (dart:async/future_impl.dart:671:32)
#15     Future._complete (dart:async/future_impl.dart:476:7)
#16     _SyncCompleter.complete (dart:async/future_impl.dart:51:12)
#17     _AsyncAwaitCompleter.complete.<anonymous closure> (dart:async/runtime/libasync_patch.dart:33:20)
#18     _rootRun (dart:async/zone.dart:1124:13)
#19     _CustomZone.run (dart:async/zone.dart:1021:19)
#20     _CustomZone.bindCallback.<anonymous closure> (dart:async/zone.dart:947:23)
#21     _microtaskLoop (dart:async/schedule_microtask.dart:41:21)
#22     _startMicrotaskLoop (dart:async/schedule_microtask.dart:50:5)
#23     _runPendingImmediateCallback (dart:isolate/runtime/libisolate_patch.dart:115:13)
#24     _RawReceivePortImpl._handleMessage (dart:isolate/runtime/libisolate_patch.dart:172:5)
```

## flutter doctor

```
[✓] Flutter (Channel stable, v1.0.0, on Active code page: 65001

Microsoft Windows [Version 10.0.17134.471], locale en-US)
    • Flutter version 1.0.0 at C:\flutter
    • Framework revision 5391447fae (3 weeks ago), 2018-11-29 19:41:26 -0800
    • Engine revision 7375a0f414
    • Dart version 2.1.0 (build 2.1.0-dev.9.4 f9ebf21297)

[!] Android toolchain - develop for Android devices (Android SDK 28.0.3)
    • Android SDK at C:\Android\sdk
    • Android NDK location not configured (optional; useful for native profiling support)
    • Platform android-28, build-tools 28.0.3
    • ANDROID_HOME = C:\Android\sdk
    • Java binary at: F:\Android\android-studio-preview\jre\bin\java
    • Java version OpenJDK Runtime Environment (build 1.8.0_152-release-1248-b01)
    ! Some Android licenses not accepted.  To resolve this, run: flutter doctor --android-licenses

[✓] Android Studio (version 3.2)
    • Android Studio at F:\Android\android-studio3.2
    • Flutter plugin version 31.2.1
    • Dart plugin version 181.5656
    • Java version OpenJDK Runtime Environment (build 1.8.0_152-release-1136-b06)

[✓] Android Studio (version 3.4)
    • Android Studio at F:\Android\android-studio-preview
    • Flutter plugin version 31.1.4
    • Dart plugin version 183.4733
    • Java version OpenJDK Runtime Environment (build 1.8.0_152-release-1248-b01)

[!] IntelliJ IDEA Ultimate Edition (version 2018.2)
    • IntelliJ at F:\Program Files (x86)\JetBrains\ideaIU-2018.2.2.win
    ✗ Flutter plugin not installed; this adds Flutter specific functionality.
    ✗ Dart plugin not installed; this adds Dart specific functionality.
    • For information about installing plugins, see
      https://flutter.io/intellij-setup/#installing-the-plugins

[✓] Connected device (1 available)
    • Redmi Note 3 • 624e1aef • android-arm64 • Android 6.0.1 (API 23)

! Doctor found issues in 2 categories.
```
